# JRE version: OpenJDK Runtime Environment (8.0_242) (build 1.8.0_242-release-1644-b3-6222593)
# Java VM: OpenJDK 64-Bit Server VM (25.242-b3-6222593 mixed mode linux-amd64 compressed oops)
Heap:
 PSYoungGen      total 365056K, used 7699K [0x00000000d5580000, 0x00000000ef580000, 0x0000000100000000)
  eden space 323584K, 0% used [0x00000000d5580000,0x00000000d5580000,0x00000000e9180000)
  from space 41472K, 18% used [0x00000000e9180000,0x00000000e9904cf8,0x00000000eba00000)
  to   space 30720K, 0% used [0x00000000eba00000,0x00000000eba00000,0x00000000ed800000)
 ParOldGen       total 96256K, used 79006K [0x0000000080000000, 0x0000000085e00000, 0x00000000d5580000)
  object space 96256K, 82% used [0x0000000080000000,0x0000000084d27ba8,0x0000000085e00000)
 Metaspace       used 94175K, capacity 98472K, committed 98600K, reserved 1134592K
  class space    used 12278K, capacity 13120K, committed 13232K, reserved 1048576K
GC Heap History (10 events):
Event: 19.470 GC heap after
Heap after GC invocations=13 (full 3):
 PSYoungGen      total 258048K, used 0K [0x00000000d5580000, 0x00000000e7a00000, 0x0000000100000000)
  eden space 240640K, 0% used [0x00000000d5580000,0x00000000d5580000,0x00000000e4080000)
  from space 17408K, 0% used [0x00000000e5780000,0x00000000e5780000,0x00000000e6880000)
  to   space 23552K, 0% used [0x00000000e4080000,0x00000000e4080000,0x00000000e5780000)
 ParOldGen       total 96256K, used 37961K [0x0000000080000000, 0x0000000085e00000, 0x00000000d5580000)
  object space 96256K, 39% used [0x0000000080000000,0x00000000825126a8,0x0000000085e00000)
 Metaspace       used 56849K, capacity 59080K, committed 59160K, reserved 1099776K
  class space    used 7773K, capacity 8225K, committed 8240K, reserved 1048576K
}
Event: 206.011 GC heap before
{Heap before GC invocations=14 (full 3):
 PSYoungGen      total 258048K, used 240640K [0x00000000d5580000, 0x00000000e7a00000, 0x0000000100000000)
  eden space 240640K, 100% used [0x00000000d5580000,0x00000000e4080000,0x00000000e4080000)
  from space 17408K, 0% used [0x00000000e5780000,0x00000000e5780000,0x00000000e6880000)
  to   space 23552K, 0% used [0x00000000e4080000,0x00000000e4080000,0x00000000e5780000)
 ParOldGen       total 96256K, used 37961K [0x0000000080000000, 0x0000000085e00000, 0x00000000d5580000)
  object space 96256K, 39% used [0x0000000080000000,0x00000000825126a8,0x0000000085e00000)
 Metaspace       used 67918K, capacity 70904K, committed 71192K, reserved 1110016K
  class space    used 9128K, capacity 9705K, committed 9776K, reserved 1048576K
Event: 206.038 GC heap after
Heap after GC invocations=14 (full 3):
 PSYoungGen      total 264192K, used 17664K [0x00000000d5580000, 0x00000000ea200000, 0x0000000100000000)
  eden space 240640K, 0% used [0x00000000d5580000,0x00000000d5580000,0x00000000e4080000)
  from space 23552K, 75% used [0x00000000e4080000,0x00000000e51c01c0,0x00000000e5780000)
  to   space 25088K, 0% used [0x00000000e8980000,0x00000000e8980000,0x00000000ea200000)
 ParOldGen       total 96256K, used 37969K [0x0000000080000000, 0x0000000085e00000, 0x00000000d5580000)
  object space 96256K, 39% used [0x0000000080000000,0x00000000825146a8,0x0000000085e00000)
 Metaspace       used 67918K, capacity 70904K, committed 71192K, reserved 1110016K
  class space    used 9128K, capacity 9705K, committed 9776K, reserved 1048576K
}
Event: 210.315 GC heap before
{Heap before GC invocations=15 (full 3):
 PSYoungGen      total 264192K, used 258304K [0x00000000d5580000, 0x00000000ea200000, 0x0000000100000000)
  eden space 240640K, 100% used [0x00000000d5580000,0x00000000e4080000,0x00000000e4080000)
  from space 23552K, 75% used [0x00000000e4080000,0x00000000e51c01c0,0x00000000e5780000)
  to   space 25088K, 0% used [0x00000000e8980000,0x00000000e8980000,0x00000000ea200000)
 ParOldGen       total 96256K, used 37969K [0x0000000080000000, 0x0000000085e00000, 0x00000000d5580000)
  object space 96256K, 39% used [0x0000000080000000,0x00000000825146a8,0x0000000085e00000)
 Metaspace       used 69890K, capacity 73044K, committed 73112K, reserved 1112064K
  class space    used 9278K, capacity 9893K, committed 9904K, reserved 1048576K
Event: 210.348 GC heap after
Heap after GC invocations=15 (full 3):
 PSYoungGen      total 311296K, used 16485K [0x00000000d5580000, 0x00000000ea080000, 0x0000000100000000)
  eden space 287744K, 0% used [0x00000000d5580000,0x00000000d5580000,0x00000000e6e80000)
  from space 23552K, 69% used [0x00000000e8980000,0x00000000e99994c8,0x00000000ea080000)
  to   space 25600K, 0% used [0x00000000e6e80000,0x00000000e6e80000,0x00000000e8780000)
 ParOldGen       total 96256K, used 37977K [0x0000000080000000, 0x0000000085e00000, 0x00000000d5580000)
  object space 96256K, 39% used [0x0000000080000000,0x00000000825166a8,0x0000000085e00000)
 Metaspace       used 69890K, capacity 73044K, committed 73112K, reserved 1112064K
  class space    used 9278K, capacity 9893K, committed 9904K, reserved 1048576K
}
Event: 261.109 GC heap before
{Heap before GC invocations=16 (full 3):
 PSYoungGen      total 311296K, used 304229K [0x00000000d5580000, 0x00000000ea080000, 0x0000000100000000)
  eden space 287744K, 100% used [0x00000000d5580000,0x00000000e6e80000,0x00000000e6e80000)
  from space 23552K, 69% used [0x00000000e8980000,0x00000000e99994c8,0x00000000ea080000)
  to   space 25600K, 0% used [0x00000000e6e80000,0x00000000e6e80000,0x00000000e8780000)
 ParOldGen       total 96256K, used 37977K [0x0000000080000000, 0x0000000085e00000, 0x00000000d5580000)
  object space 96256K, 39% used [0x0000000080000000,0x00000000825166a8,0x0000000085e00000)
 Metaspace       used 74702K, capacity 78062K, committed 78360K, reserved 1118208K
  class space    used 9798K, capacity 10430K, committed 10544K, reserved 1048576K
Event: 261.146 GC heap after
Heap after GC invocations=16 (full 3):
 PSYoungGen      total 313344K, used 25590K [0x00000000d5580000, 0x00000000ed800000, 0x0000000100000000)
  eden space 287744K, 0% used [0x00000000d5580000,0x00000000d5580000,0x00000000e6e80000)
  from space 25600K, 99% used [0x00000000e6e80000,0x00000000e877d8a8,0x00000000e8780000)
  to   space 30720K, 0% used [0x00000000eba00000,0x00000000eba00000,0x00000000ed800000)
 ParOldGen       total 96256K, used 41254K [0x0000000080000000, 0x0000000085e00000, 0x00000000d5580000)
  object space 96256K, 42% used [0x0000000080000000,0x0000000082849ad8,0x0000000085e00000)
 Metaspace       used 74702K, capacity 78062K, committed 78360K, reserved 1118208K
  class space    used 9798K, capacity 10430K, committed 10544K, reserved 1048576K
}
Event: 266.431 GC heap before
{Heap before GC invocations=17 (full 3):
 PSYoungGen      total 313344K, used 313334K [0x00000000d5580000, 0x00000000ed800000, 0x0000000100000000)
  eden space 287744K, 100% used [0x00000000d5580000,0x00000000e6e80000,0x00000000e6e80000)
  from space 25600K, 99% used [0x00000000e6e80000,0x00000000e877d8a8,0x00000000e8780000)
  to   space 30720K, 0% used [0x00000000eba00000,0x00000000eba00000,0x00000000ed800000)
 ParOldGen       total 96256K, used 41254K [0x0000000080000000, 0x0000000085e00000, 0x00000000d5580000)
  object space 96256K, 42% used [0x0000000080000000,0x0000000082849ad8,0x0000000085e00000)
 Metaspace       used 91012K, capacity 94984K, committed 95256K, reserved 1132544K
  class space    used 11749K, capacity 12490K, committed 12592K, reserved 1048576K
Event: 266.519 GC heap after
Heap after GC invocations=17 (full 3):
 PSYoungGen      total 354304K, used 30716K [0x00000000d5580000, 0x00000000ef580000, 0x0000000100000000)
  eden space 323584K, 0% used [0x00000000d5580000,0x00000000d5580000,0x00000000e9180000)
  from space 30720K, 99% used [0x00000000eba00000,0x00000000ed7ff298,0x00000000ed800000)
  to   space 41472K, 0% used [0x00000000e9180000,0x00000000e9180000,0x00000000eba00000)
 ParOldGen       total 96256K, used 56319K [0x0000000080000000, 0x0000000085e00000, 0x00000000d5580000)
  object space 96256K, 58% used [0x0000000080000000,0x00000000836fff68,0x0000000085e00000)
 Metaspace       used 91012K, capacity 94984K, committed 95256K, reserved 1132544K
  class space    used 11749K, capacity 12490K, committed 12592K, reserved 1048576K
}
Event: 267.004 GC heap before
{Heap before GC invocations=18 (full 3):
 PSYoungGen      total 354304K, used 60652K [0x00000000d5580000, 0x00000000ef580000, 0x0000000100000000)
  eden space 323584K, 9% used [0x00000000d5580000,0x00000000d72bbfa8,0x00000000e9180000)
  from space 30720K, 99% used [0x00000000eba00000,0x00000000ed7ff298,0x00000000ed800000)
  to   space 41472K, 0% used [0x00000000e9180000,0x00000000e9180000,0x00000000eba00000)
 ParOldGen       total 96256K, used 56319K [0x0000000080000000, 0x0000000085e00000, 0x00000000d5580000)
  object space 96256K, 58% used [0x0000000080000000,0x00000000836fff68,0x0000000085e00000)
 Metaspace       used 94175K, capacity 98472K, committed 98600K, reserved 1134592K
  class space    used 12278K, capacity 13120K, committed 13232K, reserved 1048576K

